# JRE version: OpenJDK Runtime Environment (17.0.6) (build 17.0.6+0-b2043.56-9586694)
# Java VM: OpenJDK 64-Bit Server VM (17.0.6+0-b2043.56-9586694, mixed mode, tiered, compressed oops, compressed class ptrs, g1 gc, windows-amd64)
GC Precious Log:
 CPUs: 4 total, 4 available
 Memory: 7101M
 Large Page Support: Disabled
 NUMA Support: Disabled
 Compressed Oops: Enabled (32-bit)
 Heap Region Size: 1M
 Heap Min Capacity: 8M
 Heap Initial Capacity: 112M
 Heap Max Capacity: 2G
 Pre-touch: Disabled
 Parallel Workers: 4
 Concurrent Workers: 1
 Concurrent Refinement Workers: 4
 Periodic GC: Disabled
Heap:
 garbage-first heap   total 114688K, used 53914K [0x0000000080000000, 0x0000000100000000)
  region size 1024K, 2 young (2048K), 2 survivors (2048K)
 Metaspace       used 66749K, committed 67328K, reserved 1114112K
  class space    used 8768K, committed 9024K, reserved 1048576K
GC Heap History (20 events):
Event: 14.552 GC heap after
{Heap after GC invocations=12 (full 0):
 garbage-first heap   total 82944K, used 32219K [0x0000000080000000, 0x0000000100000000)
  region size 1024K, 4 young (4096K), 4 survivors (4096K)
 Metaspace       used 43914K, committed 44224K, reserved 1089536K
  class space    used 5775K, committed 5888K, reserved 1048576K
}
Event: 15.998 GC heap before
{Heap before GC invocations=12 (full 0):
 garbage-first heap   total 82944K, used 62939K [0x0000000080000000, 0x0000000100000000)
  region size 1024K, 33 young (33792K), 4 survivors (4096K)
 Metaspace       used 48380K, committed 48832K, reserved 1097728K
  class space    used 6391K, committed 6592K, reserved 1048576K
}
Event: 16.008 GC heap after
{Heap after GC invocations=13 (full 0):
 garbage-first heap   total 82944K, used 33955K [0x0000000080000000, 0x0000000100000000)
  region size 1024K, 2 young (2048K), 2 survivors (2048K)
 Metaspace       used 48380K, committed 48832K, reserved 1097728K
  class space    used 6391K, committed 6592K, reserved 1048576K
}
Event: 17.993 GC heap before
{Heap before GC invocations=13 (full 0):
 garbage-first heap   total 82944K, used 63651K [0x0000000080000000, 0x0000000100000000)
  region size 1024K, 31 young (31744K), 2 survivors (2048K)
 Metaspace       used 51371K, committed 51840K, reserved 1097728K
  class space    used 6789K, committed 6976K, reserved 1048576K
}
Event: 18.002 GC heap after
{Heap after GC invocations=14 (full 0):
 garbage-first heap   total 82944K, used 35963K [0x0000000080000000, 0x0000000100000000)
  region size 1024K, 4 young (4096K), 4 survivors (4096K)
 Metaspace       used 51371K, committed 51840K, reserved 1097728K
  class space    used 6789K, committed 6976K, reserved 1048576K
}
Event: 20.973 GC heap before
{Heap before GC invocations=14 (full 0):
 garbage-first heap   total 82944K, used 66683K [0x0000000080000000, 0x0000000100000000)
  region size 1024K, 32 young (32768K), 4 survivors (4096K)
 Metaspace       used 52801K, committed 53312K, reserved 1097728K
  class space    used 6948K, committed 7168K, reserved 1048576K
}
Event: 20.982 GC heap after
{Heap after GC invocations=15 (full 0):
 garbage-first heap   total 82944K, used 44384K [0x0000000080000000, 0x0000000100000000)
  region size 1024K, 4 young (4096K), 4 survivors (4096K)
 Metaspace       used 52801K, committed 53312K, reserved 1097728K
  class space    used 6948K, committed 7168K, reserved 1048576K
}
Event: 22.346 GC heap before
{Heap before GC invocations=15 (full 0):
 garbage-first heap   total 82944K, used 62816K [0x0000000080000000, 0x0000000100000000)
  region size 1024K, 22 young (22528K), 4 survivors (4096K)
 Metaspace       used 55293K, committed 55744K, reserved 1105920K
  class space    used 7294K, committed 7488K, reserved 1048576K
}
Event: 22.356 GC heap after
{Heap after GC invocations=16 (full 0):
 garbage-first heap   total 82944K, used 45781K [0x0000000080000000, 0x0000000100000000)
  region size 1024K, 2 young (2048K), 2 survivors (2048K)
 Metaspace       used 55293K, committed 55744K, reserved 1105920K
  class space    used 7294K, committed 7488K, reserved 1048576K
}
Event: 23.103 GC heap before
{Heap before GC invocations=17 (full 0):
 garbage-first heap   total 82944K, used 62165K [0x0000000080000000, 0x0000000100000000)
  region size 1024K, 19 young (19456K), 2 survivors (2048K)
 Metaspace       used 58154K, committed 58624K, reserved 1105920K
  class space    used 7658K, committed 7872K, reserved 1048576K
}
Event: 23.108 GC heap after
{Heap after GC invocations=18 (full 0):
 garbage-first heap   total 82944K, used 46030K [0x0000000080000000, 0x0000000100000000)
  region size 1024K, 2 young (2048K), 2 survivors (2048K)
 Metaspace       used 58154K, committed 58624K, reserved 1105920K
  class space    used 7658K, committed 7872K, reserved 1048576K
}
Event: 23.948 GC heap before
{Heap before GC invocations=18 (full 0):
 garbage-first heap   total 82944K, used 64462K [0x0000000080000000, 0x0000000100000000)
  region size 1024K, 20 young (20480K), 2 survivors (2048K)
 Metaspace       used 61214K, committed 61696K, reserved 1105920K
  class space    used 8108K, committed 8320K, reserved 1048576K
}
Event: 23.957 GC heap after
{Heap after GC invocations=19 (full 0):
 garbage-first heap   total 82944K, used 47300K [0x0000000080000000, 0x0000000100000000)
  region size 1024K, 3 young (3072K), 3 survivors (3072K)
 Metaspace       used 61214K, committed 61696K, reserved 1105920K
  class space    used 8108K, committed 8320K, reserved 1048576K
}
Event: 24.629 GC heap before
{Heap before GC invocations=20 (full 0):
 garbage-first heap   total 83968K, used 50372K [0x0000000080000000, 0x0000000100000000)
  region size 1024K, 7 young (7168K), 3 survivors (3072K)
 Metaspace       used 62538K, committed 63040K, reserved 1105920K
  class space    used 8252K, committed 8448K, reserved 1048576K
}
Event: 24.636 GC heap after
{Heap after GC invocations=21 (full 0):
 garbage-first heap   total 83968K, used 48411K [0x0000000080000000, 0x0000000100000000)
  region size 1024K, 3 young (3072K), 3 survivors (3072K)
 Metaspace       used 62538K, committed 63040K, reserved 1105920K
  class space    used 8252K, committed 8448K, reserved 1048576K
}
Event: 24.916 GC heap before
{Heap before GC invocations=22 (full 0):
 garbage-first heap   total 106496K, used 70939K [0x0000000080000000, 0x0000000100000000)
  region size 1024K, 20 young (20480K), 3 survivors (3072K)
 Metaspace       used 63317K, committed 63808K, reserved 1105920K
  class space    used 8368K, committed 8576K, reserved 1048576K
}
Event: 24.922 GC heap after
{Heap after GC invocations=23 (full 0):
 garbage-first heap   total 106496K, used 50219K [0x0000000080000000, 0x0000000100000000)
  region size 1024K, 3 young (3072K), 3 survivors (3072K)
 Metaspace       used 63317K, committed 63808K, reserved 1105920K
  class space    used 8368K, committed 8576K, reserved 1048576K
}
Event: 25.737 GC heap before
{Heap before GC invocations=23 (full 0):
 garbage-first heap   total 106496K, used 77867K [0x0000000080000000, 0x0000000100000000)
  region size 1024K, 30 young (30720K), 3 survivors (3072K)
 Metaspace       used 65555K, committed 66048K, reserved 1114112K
  class space    used 8630K, committed 8832K, reserved 1048576K
}
Event: 25.746 GC heap after
{Heap after GC invocations=24 (full 0):
 garbage-first heap   total 106496K, used 52730K [0x0000000080000000, 0x0000000100000000)
  region size 1024K, 3 young (3072K), 3 survivors (3072K)
 Metaspace       used 65555K, committed 66048K, reserved 1114112K
  class space    used 8630K, committed 8832K, reserved 1048576K
}
Event: 26.027 GC heap before
{Heap before GC invocations=25 (full 0):
 garbage-first heap   total 106496K, used 61946K [0x0000000080000000, 0x0000000100000000)
  region size 1024K, 13 young (13312K), 3 survivors (3072K)
 Metaspace       used 66749K, committed 67328K, reserved 1114112K
  class space    used 8768K, committed 9024K, reserved 1048576K
}

