# JRE version: OpenJDK Runtime Environment (17.0.6) (build 17.0.6+0-b2043.56-9586694)
# Java VM: OpenJDK 64-Bit Server VM (17.0.6+0-b2043.56-9586694, mixed mode, tiered, compressed oops, compressed class ptrs, g1 gc, windows-amd64)
GC Precious Log:
 CPUs: 4 total, 4 available
 Memory: 7101M
 Large Page Support: Disabled
 NUMA Support: Disabled
 Compressed Oops: Enabled (32-bit)
 Heap Region Size: 1M
 Heap Min Capacity: 8M
 Heap Initial Capacity: 112M
 Heap Max Capacity: 2G
 Pre-touch: Disabled
 Parallel Workers: 4
 Concurrent Workers: 1
 Concurrent Refinement Workers: 4
 Periodic GC: Disabled
Heap:
 garbage-first heap   total 145408K, used 50305K [0x0000000080000000, 0x0000000100000000)
  region size 1024K, 3 young (3072K), 2 survivors (2048K)
 Metaspace       used 62747K, committed 63232K, reserved 1105920K
  class space    used 8263K, committed 8448K, reserved 1048576K
GC Heap History (20 events):
Event: 26.042 GC heap before
{Heap before GC invocations=22 (full 0):
 garbage-first heap   total 73728K, used 43940K [0x0000000080000000, 0x0000000100000000)
  region size 1024K, 6 young (6144K), 2 survivors (2048K)
 Metaspace       used 51938K, committed 52416K, reserved 1097728K
  class space    used 6842K, committed 7040K, reserved 1048576K
}
Event: 26.046 GC heap after
{Heap after GC invocations=23 (full 0):
 garbage-first heap   total 73728K, used 44523K [0x0000000080000000, 0x0000000100000000)
  region size 1024K, 2 young (2048K), 2 survivors (2048K)
 Metaspace       used 51938K, committed 52416K, reserved 1097728K
  class space    used 6842K, committed 7040K, reserved 1048576K
}
Event: 26.921 GC heap before
{Heap before GC invocations=24 (full 0):
 garbage-first heap   total 80896K, used 53739K [0x0000000080000000, 0x0000000100000000)
  region size 1024K, 10 young (10240K), 2 survivors (2048K)
 Metaspace       used 52840K, committed 53312K, reserved 1097728K
  class space    used 6950K, committed 7168K, reserved 1048576K
}
Event: 26.924 GC heap after
{Heap after GC invocations=25 (full 0):
 garbage-first heap   total 80896K, used 45837K [0x0000000080000000, 0x0000000100000000)
  region size 1024K, 2 young (2048K), 2 survivors (2048K)
 Metaspace       used 52840K, committed 53312K, reserved 1097728K
  class space    used 6950K, committed 7168K, reserved 1048576K
}
Event: 26.953 GC heap before
{Heap before GC invocations=25 (full 0):
 garbage-first heap   total 80896K, used 46861K [0x0000000080000000, 0x0000000100000000)
  region size 1024K, 3 young (3072K), 2 survivors (2048K)
 Metaspace       used 52934K, committed 53376K, reserved 1097728K
  class space    used 6967K, committed 7168K, reserved 1048576K
}
Event: 26.958 GC heap after
{Heap after GC invocations=26 (full 0):
 garbage-first heap   total 80896K, used 45898K [0x0000000080000000, 0x0000000100000000)
  region size 1024K, 1 young (1024K), 1 survivors (1024K)
 Metaspace       used 52934K, committed 53376K, reserved 1097728K
  class space    used 6967K, committed 7168K, reserved 1048576K
}
Event: 27.372 GC heap before
{Heap before GC invocations=26 (full 0):
 garbage-first heap   total 80896K, used 56138K [0x0000000080000000, 0x0000000100000000)
  region size 1024K, 11 young (11264K), 1 survivors (1024K)
 Metaspace       used 54309K, committed 54784K, reserved 1097728K
  class space    used 7166K, committed 7360K, reserved 1048576K
}
Event: 27.376 GC heap after
{Heap after GC invocations=27 (full 0):
 garbage-first heap   total 80896K, used 46296K [0x0000000080000000, 0x0000000100000000)
  region size 1024K, 1 young (1024K), 1 survivors (1024K)
 Metaspace       used 54309K, committed 54784K, reserved 1097728K
  class space    used 7166K, committed 7360K, reserved 1048576K
}
Event: 27.790 GC heap before
{Heap before GC invocations=28 (full 0):
 garbage-first heap   total 81920K, used 58584K [0x0000000080000000, 0x0000000100000000)
  region size 1024K, 13 young (13312K), 1 survivors (1024K)
 Metaspace       used 55960K, committed 56448K, reserved 1097728K
  class space    used 7398K, committed 7616K, reserved 1048576K
}
Event: 27.794 GC heap after
{Heap after GC invocations=29 (full 0):
 garbage-first heap   total 81920K, used 46929K [0x0000000080000000, 0x0000000100000000)
  region size 1024K, 2 young (2048K), 2 survivors (2048K)
 Metaspace       used 55960K, committed 56448K, reserved 1097728K
  class space    used 7398K, committed 7616K, reserved 1048576K
}
Event: 27.854 GC heap before
{Heap before GC invocations=29 (full 0):
 garbage-first heap   total 81920K, used 47953K [0x0000000080000000, 0x0000000100000000)
  region size 1024K, 4 young (4096K), 2 survivors (2048K)
 Metaspace       used 56437K, committed 56896K, reserved 1105920K
  class space    used 7436K, committed 7616K, reserved 1048576K
}
Event: 27.860 GC heap after
{Heap after GC invocations=30 (full 0):
 garbage-first heap   total 81920K, used 46383K [0x0000000080000000, 0x0000000100000000)
  region size 1024K, 1 young (1024K), 1 survivors (1024K)
 Metaspace       used 56437K, committed 56896K, reserved 1105920K
  class space    used 7436K, committed 7616K, reserved 1048576K
}
Event: 28.517 GC heap before
{Heap before GC invocations=30 (full 0):
 garbage-first heap   total 81920K, used 59695K [0x0000000080000000, 0x0000000100000000)
  region size 1024K, 14 young (14336K), 1 survivors (1024K)
 Metaspace       used 58588K, committed 59072K, reserved 1105920K
  class space    used 7724K, committed 7936K, reserved 1048576K
}
Event: 28.521 GC heap after
{Heap after GC invocations=31 (full 0):
 garbage-first heap   total 81920K, used 46764K [0x0000000080000000, 0x0000000100000000)
  region size 1024K, 1 young (1024K), 1 survivors (1024K)
 Metaspace       used 58588K, committed 59072K, reserved 1105920K
  class space    used 7724K, committed 7936K, reserved 1048576K
}
Event: 29.688 GC heap before
{Heap before GC invocations=32 (full 0):
 garbage-first heap   total 81920K, used 61100K [0x0000000080000000, 0x0000000100000000)
  region size 1024K, 15 young (15360K), 1 survivors (1024K)
 Metaspace       used 61221K, committed 61696K, reserved 1105920K
  class space    used 8104K, committed 8320K, reserved 1048576K
}
Event: 29.692 GC heap after
{Heap after GC invocations=33 (full 0):
 garbage-first heap   total 81920K, used 47563K [0x0000000080000000, 0x0000000100000000)
  region size 1024K, 2 young (2048K), 2 survivors (2048K)
 Metaspace       used 61221K, committed 61696K, reserved 1105920K
  class space    used 8104K, committed 8320K, reserved 1048576K
}
Event: 29.804 GC heap before
{Heap before GC invocations=33 (full 0):
 garbage-first heap   total 81920K, used 48587K [0x0000000080000000, 0x0000000100000000)
  region size 1024K, 4 young (4096K), 2 survivors (2048K)
 Metaspace       used 61975K, committed 62464K, reserved 1105920K
  class space    used 8178K, committed 8384K, reserved 1048576K
}
Event: 29.809 GC heap after
{Heap after GC invocations=34 (full 0):
 garbage-first heap   total 81920K, used 48032K [0x0000000080000000, 0x0000000100000000)
  region size 1024K, 1 young (1024K), 1 survivors (1024K)
 Metaspace       used 61975K, committed 62464K, reserved 1105920K
  class space    used 8178K, committed 8384K, reserved 1048576K
}
Event: 30.156 GC heap before
{Heap before GC invocations=34 (full 0):
 garbage-first heap   total 81920K, used 68512K [0x0000000080000000, 0x0000000100000000)
  region size 1024K, 16 young (16384K), 1 survivors (1024K)
 Metaspace       used 62738K, committed 63232K, reserved 1105920K
  class space    used 8259K, committed 8448K, reserved 1048576K
}
Event: 30.161 GC heap after
{Heap after GC invocations=35 (full 0):
 garbage-first heap   total 145408K, used 50305K [0x0000000080000000, 0x0000000100000000)
  region size 1024K, 2 young (2048K), 2 survivors (2048K)
 Metaspace       used 62738K, committed 63232K, reserved 1105920K
  class space    used 8259K, committed 8448K, reserved 1048576K
}

