# JRE version: OpenJDK Runtime Environment (17.0.6) (build 17.0.6+0-b2043.56-9586694)
# Java VM: OpenJDK 64-Bit Server VM (17.0.6+0-b2043.56-9586694, mixed mode, tiered, compressed oops, compressed class ptrs, g1 gc, windows-amd64)
GC Precious Log:
 CPUs: 4 total, 4 available
 Memory: 7101M
 Large Page Support: Disabled
 NUMA Support: Disabled
 Compressed Oops: Enabled (Zero based)
 Heap Region Size: 2M
 Heap Min Capacity: 8M
 Heap Initial Capacity: 112M
 Heap Max Capacity: 4G
 Pre-touch: Disabled
 Parallel Workers: 4
 Concurrent Workers: 1
 Concurrent Refinement Workers: 4
 Periodic GC: Disabled
Heap:
 garbage-first heap   total 182272K, used 118592K [0x0000000700000000, 0x0000000800000000)
  region size 2048K, 11 young (22528K), 3 survivors (6144K)
 Metaspace       used 54694K, committed 55296K, reserved 1097728K
  class space    used 7264K, committed 7552K, reserved 1048576K
GC Heap History (20 events):
Event: 28.538 GC heap before
{Heap before GC invocations=13 (full 0):
 garbage-first heap   total 100352K, used 78200K [0x0000000700000000, 0x0000000800000000)
  region size 2048K, 12 young (24576K), 2 survivors (4096K)
 Metaspace       used 34932K, committed 35328K, reserved 1081344K
  class space    used 4855K, committed 5056K, reserved 1048576K
}
Event: 28.543 GC heap after
{Heap after GC invocations=14 (full 0):
 garbage-first heap   total 100352K, used 58700K [0x0000000700000000, 0x0000000800000000)
  region size 2048K, 1 young (2048K), 1 survivors (2048K)
 Metaspace       used 34932K, committed 35328K, reserved 1081344K
  class space    used 4855K, committed 5056K, reserved 1048576K
}
Event: 29.317 GC heap before
{Heap before GC invocations=15 (full 0):
 garbage-first heap   total 106496K, used 77132K [0x0000000700000000, 0x0000000800000000)
  region size 2048K, 10 young (20480K), 1 survivors (2048K)
 Metaspace       used 40399K, committed 40768K, reserved 1089536K
  class space    used 5441K, committed 5632K, reserved 1048576K
}
Event: 29.321 GC heap after
{Heap after GC invocations=16 (full 0):
 garbage-first heap   total 106496K, used 61210K [0x0000000700000000, 0x0000000800000000)
  region size 2048K, 2 young (4096K), 2 survivors (4096K)
 Metaspace       used 40399K, committed 40768K, reserved 1089536K
  class space    used 5441K, committed 5632K, reserved 1048576K
}
Event: 29.630 GC heap before
{Heap before GC invocations=16 (full 0):
 garbage-first heap   total 106496K, used 81690K [0x0000000700000000, 0x0000000800000000)
  region size 2048K, 13 young (26624K), 2 survivors (4096K)
 Metaspace       used 41824K, committed 42240K, reserved 1089536K
  class space    used 5574K, committed 5760K, reserved 1048576K
}
Event: 29.637 GC heap after
{Heap after GC invocations=17 (full 0):
 garbage-first heap   total 106496K, used 63691K [0x0000000700000000, 0x0000000800000000)
  region size 2048K, 2 young (4096K), 2 survivors (4096K)
 Metaspace       used 41824K, committed 42240K, reserved 1089536K
  class space    used 5574K, committed 5760K, reserved 1048576K
}
Event: 30.154 GC heap before
{Heap before GC invocations=18 (full 0):
 garbage-first heap   total 112640K, used 84171K [0x0000000700000000, 0x0000000800000000)
  region size 2048K, 12 young (24576K), 2 survivors (4096K)
 Metaspace       used 44682K, committed 45120K, reserved 1089536K
  class space    used 5872K, committed 6080K, reserved 1048576K
}
Event: 30.159 GC heap after
{Heap after GC invocations=19 (full 0):
 garbage-first heap   total 112640K, used 65104K [0x0000000700000000, 0x0000000800000000)
  region size 2048K, 1 young (2048K), 1 survivors (2048K)
 Metaspace       used 44682K, committed 45120K, reserved 1089536K
  class space    used 5872K, committed 6080K, reserved 1048576K
}
Event: 30.204 GC heap before
{Heap before GC invocations=19 (full 0):
 garbage-first heap   total 112640K, used 67152K [0x0000000700000000, 0x0000000800000000)
  region size 2048K, 2 young (4096K), 1 survivors (2048K)
 Metaspace       used 44989K, committed 45440K, reserved 1089536K
  class space    used 5932K, committed 6144K, reserved 1048576K
}
Event: 30.208 GC heap after
{Heap after GC invocations=20 (full 0):
 garbage-first heap   total 112640K, used 65068K [0x0000000700000000, 0x0000000800000000)
  region size 2048K, 1 young (2048K), 1 survivors (2048K)
 Metaspace       used 44989K, committed 45440K, reserved 1089536K
  class space    used 5932K, committed 6144K, reserved 1048576K
}
Event: 31.168 GC heap before
{Heap before GC invocations=20 (full 0):
 garbage-first heap   total 112640K, used 79404K [0x0000000700000000, 0x0000000800000000)
  region size 2048K, 9 young (18432K), 1 survivors (2048K)
 Metaspace       used 46686K, committed 47104K, reserved 1097728K
  class space    used 6187K, committed 6400K, reserved 1048576K
}
Event: 31.171 GC heap after
{Heap after GC invocations=21 (full 0):
 garbage-first heap   total 112640K, used 66663K [0x0000000700000000, 0x0000000800000000)
  region size 2048K, 1 young (2048K), 1 survivors (2048K)
 Metaspace       used 46686K, committed 47104K, reserved 1097728K
  class space    used 6187K, committed 6400K, reserved 1048576K
}
Event: 31.756 GC heap before
{Heap before GC invocations=22 (full 0):
 garbage-first heap   total 141312K, used 113767K [0x0000000700000000, 0x0000000800000000)
  region size 2048K, 12 young (24576K), 1 survivors (2048K)
 Metaspace       used 49017K, committed 49536K, reserved 1097728K
  class space    used 6389K, committed 6592K, reserved 1048576K
}
Event: 31.764 GC heap after
{Heap after GC invocations=23 (full 0):
 garbage-first heap   total 169984K, used 94484K [0x0000000700000000, 0x0000000800000000)
  region size 2048K, 2 young (4096K), 2 survivors (4096K)
 Metaspace       used 49017K, committed 49536K, reserved 1097728K
  class space    used 6389K, committed 6592K, reserved 1048576K
}
Event: 31.847 GC heap before
{Heap before GC invocations=23 (full 0):
 garbage-first heap   total 169984K, used 98580K [0x0000000700000000, 0x0000000800000000)
  region size 2048K, 4 young (8192K), 2 survivors (4096K)
 Metaspace       used 49214K, committed 49728K, reserved 1097728K
  class space    used 6423K, committed 6656K, reserved 1048576K
}
Event: 31.856 GC heap after
{Heap after GC invocations=24 (full 0):
 garbage-first heap   total 169984K, used 94818K [0x0000000700000000, 0x0000000800000000)
  region size 2048K, 1 young (2048K), 1 survivors (2048K)
 Metaspace       used 49214K, committed 49728K, reserved 1097728K
  class space    used 6423K, committed 6656K, reserved 1048576K
}
Event: 32.322 GC heap before
{Heap before GC invocations=24 (full 0):
 garbage-first heap   total 169984K, used 115298K [0x0000000700000000, 0x0000000800000000)
  region size 2048K, 12 young (24576K), 1 survivors (2048K)
 Metaspace       used 50873K, committed 51392K, reserved 1097728K
  class space    used 6712K, committed 6912K, reserved 1048576K
}
Event: 32.326 GC heap after
{Heap after GC invocations=25 (full 0):
 garbage-first heap   total 169984K, used 96695K [0x0000000700000000, 0x0000000800000000)
  region size 2048K, 2 young (4096K), 2 survivors (4096K)
 Metaspace       used 50873K, committed 51392K, reserved 1097728K
  class space    used 6712K, committed 6912K, reserved 1048576K
}
Event: 33.527 GC heap before
{Heap before GC invocations=26 (full 0):
 garbage-first heap   total 182272K, used 137655K [0x0000000700000000, 0x0000000800000000)
  region size 2048K, 19 young (38912K), 2 survivors (4096K)
 Metaspace       used 54312K, committed 54912K, reserved 1097728K
  class space    used 7240K, committed 7488K, reserved 1048576K
}
Event: 33.537 GC heap after
{Heap after GC invocations=27 (full 0):
 garbage-first heap   total 182272K, used 106304K [0x0000000700000000, 0x0000000800000000)
  region size 2048K, 3 young (6144K), 3 survivors (6144K)
 Metaspace       used 54312K, committed 54912K, reserved 1097728K
  class space    used 7240K, committed 7488K, reserved 1048576K
}

